  Nhan_Diem_Thuong.cpp
D:\LEARN\PITT\C++\Baitapnhom_Cpp\Nhan_Diem_Thuong\Nhan_Diem_Thuong.cpp(125,15): warning C4244: 'argument': conversion from 'time_t' to 'unsigned int', possible loss of data
D:\LEARN\PITT\C++\Baitapnhom_Cpp\Nhan_Diem_Thuong\Nhan_Diem_Thuong.cpp(204,17): warning C4566: character represented by universal-character-name '\u1EAD' cannot be represented in the current code page (1252)
D:\LEARN\PITT\C++\Baitapnhom_Cpp\Nhan_Diem_Thuong\Nhan_Diem_Thuong.cpp(204,17): warning C4566: character represented by universal-character-name '\u0111' cannot be represented in the current code page (1252)
D:\LEARN\PITT\C++\Baitapnhom_Cpp\Nhan_Diem_Thuong\Nhan_Diem_Thuong.cpp(204,17): warning C4566: character represented by universal-character-name '\u1EC3' cannot be represented in the current code page (1252)
D:\LEARN\PITT\C++\Baitapnhom_Cpp\Nhan_Diem_Thuong\Nhan_Diem_Thuong.cpp(204,17): warning C4566: character represented by universal-character-name '\u1ECB' cannot be represented in the current code page (1252)
D:\LEARN\PITT\C++\Baitapnhom_Cpp\Nhan_Diem_Thuong\Nhan_Diem_Thuong.cpp(208,21): warning C4566: character represented by universal-character-name '\u1EE3' cannot be represented in the current code page (1252)
D:\LEARN\PITT\C++\Baitapnhom_Cpp\Nhan_Diem_Thuong\Nhan_Diem_Thuong.cpp(208,21): warning C4566: character represented by universal-character-name '\u1EC7' cannot be represented in the current code page (1252)
D:\LEARN\PITT\C++\Baitapnhom_Cpp\Nhan_Diem_Thuong\Nhan_Diem_Thuong.cpp(208,21): warning C4566: character represented by universal-character-name '\u1ECB' cannot be represented in the current code page (1252)
D:\LEARN\PITT\C++\Baitapnhom_Cpp\Nhan_Diem_Thuong\Nhan_Diem_Thuong.cpp(208,21): warning C4566: character represented by universal-character-name '\u1EE7' cannot be represented in the current code page (1252)
D:\LEARN\PITT\C++\Baitapnhom_Cpp\Nhan_Diem_Thuong\Nhan_Diem_Thuong.cpp(216,21): warning C4566: character represented by universal-character-name '\u1ECB' cannot be represented in the current code page (1252)
D:\LEARN\PITT\C++\Baitapnhom_Cpp\Nhan_Diem_Thuong\Nhan_Diem_Thuong.cpp(220,21): warning C4566: character represented by universal-character-name '\u1ED1' cannot be represented in the current code page (1252)
D:\LEARN\PITT\C++\Baitapnhom_Cpp\Nhan_Diem_Thuong\Nhan_Diem_Thuong.cpp(220,21): warning C4566: character represented by universal-character-name '\u01B0' cannot be represented in the current code page (1252)
D:\LEARN\PITT\C++\Baitapnhom_Cpp\Nhan_Diem_Thuong\Nhan_Diem_Thuong.cpp(220,21): warning C4566: character represented by universal-character-name '\u0111' cannot be represented in the current code page (1252)
D:\LEARN\PITT\C++\Baitapnhom_Cpp\Nhan_Diem_Thuong\Nhan_Diem_Thuong.cpp(220,21): warning C4566: character represented by universal-character-name '\u1EE7' cannot be represented in the current code page (1252)
D:\LEARN\PITT\C++\Baitapnhom_Cpp\Nhan_Diem_Thuong\Nhan_Diem_Thuong.cpp(220,21): warning C4566: character represented by universal-character-name '\u1ECB' cannot be represented in the current code page (1252)
D:\LEARN\PITT\C++\Baitapnhom_Cpp\Nhan_Diem_Thuong\Nhan_Diem_Thuong.cpp(220,21): warning C4566: character represented by universal-character-name '\u1EA5' cannot be represented in the current code page (1252)
D:\LEARN\PITT\C++\Baitapnhom_Cpp\Nhan_Diem_Thuong\Nhan_Diem_Thuong.cpp(220,21): warning C4566: character represented by universal-character-name '\u1EA1' cannot be represented in the current code page (1252)
D:\LEARN\PITT\C++\Baitapnhom_Cpp\Nhan_Diem_Thuong\Nhan_Diem_Thuong.cpp(227,46): warning C4566: character represented by universal-character-name '\u1ED1' cannot be represented in the current code page (1252)
D:\LEARN\PITT\C++\Baitapnhom_Cpp\Nhan_Diem_Thuong\Nhan_Diem_Thuong.cpp(227,46): warning C4566: character represented by universal-character-name '\u01B0' cannot be represented in the current code page (1252)
D:\LEARN\PITT\C++\Baitapnhom_Cpp\Nhan_Diem_Thuong\Nhan_Diem_Thuong.cpp(257,25): warning C4566: character represented by universal-character-name '\u0110' cannot be represented in the current code page (1252)
D:\LEARN\PITT\C++\Baitapnhom_Cpp\Nhan_Diem_Thuong\Nhan_Diem_Thuong.cpp(257,25): warning C4566: character represented by universal-character-name '\u0103' cannot be represented in the current code page (1252)
D:\LEARN\PITT\C++\Baitapnhom_Cpp\Nhan_Diem_Thuong\Nhan_Diem_Thuong.cpp(257,25): warning C4566: character represented by universal-character-name '\u1EAD' cannot be represented in the current code page (1252)
D:\LEARN\PITT\C++\Baitapnhom_Cpp\Nhan_Diem_Thuong\Nhan_Diem_Thuong.cpp(261,25): warning C4566: character represented by universal-character-name '\u1EAD' cannot be represented in the current code page (1252)
D:\LEARN\PITT\C++\Baitapnhom_Cpp\Nhan_Diem_Thuong\Nhan_Diem_Thuong.cpp(261,25): warning C4566: character represented by universal-character-name '\u1EA9' cannot be represented in the current code page (1252)
D:\LEARN\PITT\C++\Baitapnhom_Cpp\Nhan_Diem_Thuong\Nhan_Diem_Thuong.cpp(265,21): warning C4566: character represented by universal-character-name '\u1EA3' cannot be represented in the current code page (1252)
D:\LEARN\PITT\C++\Baitapnhom_Cpp\Nhan_Diem_Thuong\Nhan_Diem_Thuong.cpp(265,21): warning C4566: character represented by universal-character-name '\u1ED3' cannot be represented in the current code page (1252)
D:\LEARN\PITT\C++\Baitapnhom_Cpp\Nhan_Diem_Thuong\Nhan_Diem_Thuong.cpp(265,21): warning C4566: character represented by universal-character-name '\u1EA1' cannot be represented in the current code page (1252)
D:\LEARN\PITT\C++\Baitapnhom_Cpp\Nhan_Diem_Thuong\Nhan_Diem_Thuong.cpp(274,21): warning C4566: character represented by universal-character-name '\u1EE7' cannot be represented in the current code page (1252)
D:\LEARN\PITT\C++\Baitapnhom_Cpp\Nhan_Diem_Thuong\Nhan_Diem_Thuong.cpp(274,21): warning C4566: character represented by universal-character-name '\u1EA1' cannot be represented in the current code page (1252)
D:\LEARN\PITT\C++\Baitapnhom_Cpp\Nhan_Diem_Thuong\Nhan_Diem_Thuong.cpp(278,21): warning C4566: character represented by universal-character-name '\u01B0' cannot be represented in the current code page (1252)
D:\LEARN\PITT\C++\Baitapnhom_Cpp\Nhan_Diem_Thuong\Nhan_Diem_Thuong.cpp(278,21): warning C4566: character represented by universal-character-name '\u1EDD' cannot be represented in the current code page (1252)
D:\LEARN\PITT\C++\Baitapnhom_Cpp\Nhan_Diem_Thuong\Nhan_Diem_Thuong.cpp(278,21): warning C4566: character represented by universal-character-name '\u1ED3' cannot be represented in the current code page (1252)
D:\LEARN\PITT\C++\Baitapnhom_Cpp\Nhan_Diem_Thuong\Nhan_Diem_Thuong.cpp(278,21): warning C4566: character represented by universal-character-name '\u1EA1' cannot be represented in the current code page (1252)
D:\LEARN\PITT\C++\Baitapnhom_Cpp\Nhan_Diem_Thuong\Nhan_Diem_Thuong.cpp(289,13): warning C4566: character represented by universal-character-name '\u1EA1' cannot be represented in the current code page (1252)
D:\LEARN\PITT\C++\Baitapnhom_Cpp\Nhan_Diem_Thuong\Nhan_Diem_Thuong.cpp(289,13): warning C4566: character represented by universal-character-name '\u1EA3' cannot be represented in the current code page (1252)
D:\LEARN\PITT\C++\Baitapnhom_Cpp\Nhan_Diem_Thuong\Nhan_Diem_Thuong.cpp(289,13): warning C4566: character represented by universal-character-name '\u01B0' cannot be represented in the current code page (1252)
D:\LEARN\PITT\C++\Baitapnhom_Cpp\Nhan_Diem_Thuong\Nhan_Diem_Thuong.cpp(289,13): warning C4566: character represented by universal-character-name '\u1EDD' cannot be represented in the current code page (1252)
D:\LEARN\PITT\C++\Baitapnhom_Cpp\Nhan_Diem_Thuong\Nhan_Diem_Thuong.cpp(289,13): warning C4566: character represented by universal-character-name '\u1EDB' cannot be represented in the current code page (1252)
D:\LEARN\PITT\C++\Baitapnhom_Cpp\Nhan_Diem_Thuong\Nhan_Diem_Thuong.cpp(291,13): warning C4566: character represented by universal-character-name '\u0111' cannot be represented in the current code page (1252)
D:\LEARN\PITT\C++\Baitapnhom_Cpp\Nhan_Diem_Thuong\Nhan_Diem_Thuong.cpp(291,13): warning C4566: character represented by universal-character-name '\u0103' cannot be represented in the current code page (1252)
D:\LEARN\PITT\C++\Baitapnhom_Cpp\Nhan_Diem_Thuong\Nhan_Diem_Thuong.cpp(291,13): warning C4566: character represented by universal-character-name '\u1EAD' cannot be represented in the current code page (1252)
D:\LEARN\PITT\C++\Baitapnhom_Cpp\Nhan_Diem_Thuong\Nhan_Diem_Thuong.cpp(293,13): warning C4566: character represented by universal-character-name '\u1EAD' cannot be represented in the current code page (1252)
D:\LEARN\PITT\C++\Baitapnhom_Cpp\Nhan_Diem_Thuong\Nhan_Diem_Thuong.cpp(293,13): warning C4566: character represented by universal-character-name '\u1EA9' cannot be represented in the current code page (1252)
D:\LEARN\PITT\C++\Baitapnhom_Cpp\Nhan_Diem_Thuong\Nhan_Diem_Thuong.cpp(300,13): warning C4566: character represented by universal-character-name '\u0110' cannot be represented in the current code page (1252)
D:\LEARN\PITT\C++\Baitapnhom_Cpp\Nhan_Diem_Thuong\Nhan_Diem_Thuong.cpp(300,13): warning C4566: character represented by universal-character-name '\u1EA1' cannot be represented in the current code page (1252)
D:\LEARN\PITT\C++\Baitapnhom_Cpp\Nhan_Diem_Thuong\Nhan_Diem_Thuong.cpp(300,13): warning C4566: character represented by universal-character-name '\u1EA3' cannot be represented in the current code page (1252)
D:\LEARN\PITT\C++\Baitapnhom_Cpp\Nhan_Diem_Thuong\Nhan_Diem_Thuong.cpp(304,13): warning C4566: character represented by universal-character-name '\u0110' cannot be represented in the current code page (1252)
D:\LEARN\PITT\C++\Baitapnhom_Cpp\Nhan_Diem_Thuong\Nhan_Diem_Thuong.cpp(304,13): warning C4566: character represented by universal-character-name '\u0103' cannot be represented in the current code page (1252)
D:\LEARN\PITT\C++\Baitapnhom_Cpp\Nhan_Diem_Thuong\Nhan_Diem_Thuong.cpp(304,13): warning C4566: character represented by universal-character-name '\u1EAD' cannot be represented in the current code page (1252)
D:\LEARN\PITT\C++\Baitapnhom_Cpp\Nhan_Diem_Thuong\Nhan_Diem_Thuong.cpp(304,13): warning C4566: character represented by universal-character-name '\u1EC7' cannot be represented in the current code page (1252)
D:\LEARN\PITT\C++\Baitapnhom_Cpp\Nhan_Diem_Thuong\Nhan_Diem_Thuong.cpp(304,13): warning C4566: character represented by universal-character-name '\u1ED1' cannot be represented in the current code page (1252)
D:\LEARN\PITT\C++\Baitapnhom_Cpp\Nhan_Diem_Thuong\Nhan_Diem_Thuong.cpp(305,13): warning C4566: character represented by universal-character-name '\u0111' cannot be represented in the current code page (1252)
D:\LEARN\PITT\C++\Baitapnhom_Cpp\Nhan_Diem_Thuong\Nhan_Diem_Thuong.cpp(305,13): warning C4566: character represented by universal-character-name '\u0103' cannot be represented in the current code page (1252)
D:\LEARN\PITT\C++\Baitapnhom_Cpp\Nhan_Diem_Thuong\Nhan_Diem_Thuong.cpp(305,13): warning C4566: character represented by universal-character-name '\u1EAD' cannot be represented in the current code page (1252)
D:\LEARN\PITT\C++\Baitapnhom_Cpp\Nhan_Diem_Thuong\Nhan_Diem_Thuong.cpp(307,13): warning C4566: character represented by universal-character-name '\u1EAD' cannot be represented in the current code page (1252)
D:\LEARN\PITT\C++\Baitapnhom_Cpp\Nhan_Diem_Thuong\Nhan_Diem_Thuong.cpp(307,13): warning C4566: character represented by universal-character-name '\u1EA9' cannot be represented in the current code page (1252)
D:\LEARN\PITT\C++\Baitapnhom_Cpp\Nhan_Diem_Thuong\Nhan_Diem_Thuong.cpp(312,17): warning C4566: character represented by universal-character-name '\u1EA7' cannot be represented in the current code page (1252)
D:\LEARN\PITT\C++\Baitapnhom_Cpp\Nhan_Diem_Thuong\Nhan_Diem_Thuong.cpp(312,17): warning C4566: character represented by universal-character-name '\u0111' cannot be represented in the current code page (1252)
D:\LEARN\PITT\C++\Baitapnhom_Cpp\Nhan_Diem_Thuong\Nhan_Diem_Thuong.cpp(312,17): warning C4566: character represented by universal-character-name '\u1EC3' cannot be represented in the current code page (1252)
D:\LEARN\PITT\C++\Baitapnhom_Cpp\Nhan_Diem_Thuong\Nhan_Diem_Thuong.cpp(312,17): warning C4566: character represented by universal-character-name '\u1EBF' cannot be represented in the current code page (1252)
D:\LEARN\PITT\C++\Baitapnhom_Cpp\Nhan_Diem_Thuong\Nhan_Diem_Thuong.cpp(312,17): warning C4566: character represented by universal-character-name '\u1EE5' cannot be represented in the current code page (1252)
  Generating code
  0 of 961 functions ( 0.0%) were compiled, the rest were copied from previous compilation.
    0 functions were new in current compilation
    0 functions had inline decision re-evaluated but remain unchanged
  Finished generating code
  Nhan_Diem_Thuong.vcxproj -> D:\LEARN\PITT\C++\Baitapnhom_Cpp\Nhan_Diem_Thuong\x64\Release\Nhan_Diem_Thuong.exe
