d:\learn\pitt\c++\baitapnhom_cpp\bouns_point\bouns_points\bouns_points\x64\debug\vc143.pdb
d:\learn\pitt\c++\baitapnhom_cpp\bouns_point\bouns_points\bouns_points\x64\debug\.netframework,version=v4.7.2.assemblyattributes.obj
d:\learn\pitt\c++\baitapnhom_cpp\bouns_point\bouns_points\bouns_points\x64\debug\frmlogin.obj
d:\learn\pitt\c++\baitapnhom_cpp\bouns_point\bouns_points\bouns_points\x64\debug\frmuseradmin1.obj
d:\learn\pitt\c++\baitapnhom_cpp\bouns_point\bouns_points\x64\debug\bouns_points.exe
d:\learn\pitt\c++\baitapnhom_cpp\bouns_point\bouns_points\x64\debug\bouns_points.pdb
d:\learn\pitt\c++\baitapnhom_cpp\bouns_point\bouns_points\bouns_points\x64\debug\bounspoints.frmuseradmin1.resources
d:\learn\pitt\c++\baitapnhom_cpp\bouns_point\bouns_points\bouns_points\x64\debug\bouns_points.tlog\cl.command.1.tlog
d:\learn\pitt\c++\baitapnhom_cpp\bouns_point\bouns_points\bouns_points\x64\debug\bouns_points.tlog\cl.items.tlog
d:\learn\pitt\c++\baitapnhom_cpp\bouns_point\bouns_points\bouns_points\x64\debug\bouns_points.tlog\cl.read.1.tlog
d:\learn\pitt\c++\baitapnhom_cpp\bouns_point\bouns_points\bouns_points\x64\debug\bouns_points.tlog\cl.write.1.tlog
d:\learn\pitt\c++\baitapnhom_cpp\bouns_point\bouns_points\bouns_points\x64\debug\bouns_points.tlog\link.30140-cvtres.read.1.tlog
d:\learn\pitt\c++\baitapnhom_cpp\bouns_point\bouns_points\bouns_points\x64\debug\bouns_points.tlog\link.30140-cvtres.write.1.tlog
d:\learn\pitt\c++\baitapnhom_cpp\bouns_point\bouns_points\bouns_points\x64\debug\bouns_points.tlog\link.30140-rc.read.1.tlog
d:\learn\pitt\c++\baitapnhom_cpp\bouns_point\bouns_points\bouns_points\x64\debug\bouns_points.tlog\link.30140-rc.write.1.tlog
d:\learn\pitt\c++\baitapnhom_cpp\bouns_point\bouns_points\bouns_points\x64\debug\bouns_points.tlog\link.30140.read.1.tlog
d:\learn\pitt\c++\baitapnhom_cpp\bouns_point\bouns_points\bouns_points\x64\debug\bouns_points.tlog\link.30140.read.2.tlog
d:\learn\pitt\c++\baitapnhom_cpp\bouns_point\bouns_points\bouns_points\x64\debug\bouns_points.tlog\link.30140.read.3.tlog
d:\learn\pitt\c++\baitapnhom_cpp\bouns_point\bouns_points\bouns_points\x64\debug\bouns_points.tlog\link.30140.read.4.tlog
d:\learn\pitt\c++\baitapnhom_cpp\bouns_point\bouns_points\bouns_points\x64\debug\bouns_points.tlog\link.30140.write.1.tlog
d:\learn\pitt\c++\baitapnhom_cpp\bouns_point\bouns_points\bouns_points\x64\debug\bouns_points.tlog\link.command.1.tlog
d:\learn\pitt\c++\baitapnhom_cpp\bouns_point\bouns_points\bouns_points\x64\debug\bouns_points.tlog\link.read.1.tlog
d:\learn\pitt\c++\baitapnhom_cpp\bouns_point\bouns_points\bouns_points\x64\debug\bouns_points.tlog\link.read.2.tlog
d:\learn\pitt\c++\baitapnhom_cpp\bouns_point\bouns_points\bouns_points\x64\debug\bouns_points.tlog\link.read.3.tlog
d:\learn\pitt\c++\baitapnhom_cpp\bouns_point\bouns_points\bouns_points\x64\debug\bouns_points.tlog\link.read.4.tlog
d:\learn\pitt\c++\baitapnhom_cpp\bouns_point\bouns_points\bouns_points\x64\debug\bouns_points.tlog\link.secondary.1.tlog
d:\learn\pitt\c++\baitapnhom_cpp\bouns_point\bouns_points\bouns_points\x64\debug\bouns_points.tlog\link.write.1.tlog
d:\learn\pitt\c++\baitapnhom_cpp\bouns_point\bouns_points\bouns_points\x64\debug\bouns_points.tlog\metagen.read.1.tlog
d:\learn\pitt\c++\baitapnhom_cpp\bouns_point\bouns_points\bouns_points\x64\debug\bouns_points.tlog\metagen.write.1.tlog
d:\learn\pitt\c++\baitapnhom_cpp\bouns_point\bouns_points\bouns_points\x64\debug\bouns_points.tlog\resgen.command.1.tlog
d:\learn\pitt\c++\baitapnhom_cpp\bouns_point\bouns_points\bouns_points\x64\debug\bouns_points.tlog\resgen.read.1.tlog
d:\learn\pitt\c++\baitapnhom_cpp\bouns_point\bouns_points\bouns_points\x64\debug\bouns_points.tlog\resgen.write.1.tlog
